<?xml version="1.0" encoding="UTF-8"?>
<testsuite xmlns:xsi="http://www.w3.org/2001/XMLSchema-instance" xsi:noNamespaceSchemaLocation="https://maven.apache.org/surefire/maven-surefire-plugin/xsd/surefire-test-report.xsd" name="ThreeCardTest" time="0.064" tests="15" errors="0" skipped="0" failures="0">
  <properties>
[...]
</properties>
  <testcase name="checkHighCardWinner" classname="ThreeCardTest" time="0.023"/>
  <testcase name="isPair" classname="ThreeCardTest" time="0.001"/>
  <testcase name="adjacent" classname="ThreeCardTest" time="0.001"/>
  <testcase name="isStraightFlush" classname="ThreeCardTest" time="0.001"/>
  <testcase name="dHandStatus" classname="ThreeCardTest" time="0.003"/>
  <testcase name="compareHands" classname="ThreeCardTest" time="0.006"/>
  <testcase name="evalHand" classname="ThreeCardTest" time="0.001"/>
  <testcase name="isThreeOfAKind" classname="ThreeCardTest" time="0.001"/>
  <testcase name="sameValue" classname="ThreeCardTest" time="0"/>
  <testcase name="evalPPWinnings" classname="ThreeCardTest" time="0.003"/>
  <testcase name="isStraight" classname="ThreeCardTest" time="0"/>
  <testcase name="adjacent2" classname="ThreeCardTest" time="0"/>
  <testcase name="testSameValue" classname="ThreeCardTest" time="0"/>
  <testcase name="sameSuit" classname="ThreeCardTest" time="0.001"/>
  <testcase name="isFlush" classname="ThreeCardTest" time="0"/>
</testsuite>